<?xml version="1.0" encoding="UTF-8"?>
<urlset xmlns="http://www.sitemaps.org/schemas/sitemap/0.9">
  <!-- Multiple pages that all link to Google -->
  <url>
    <loc>https://www.google.com</loc>
  </url>
  <url>
    <loc>https://www.google.com/search</loc>
  </url>
  <url>
    <loc>https://www.google.com/maps</loc>
  </url>
</urlset>
